
@_date: 2008-01-22 17:04:47
@_author: otto otto 
@_subject: compile issue on Solaris with tor-0.2.0.16-alpha and 
I could build tor-0.2.0.15-alpha without any issue. With tor-0.2.0.16-alpha and
tor-0.2.0.17-alpha I'm getting the following error when compiling tortls.c:
(I'm runnung Solaris 10 x86)
make make  all-recursive
Making all in src
Making all in common
gcc -DHAVE_CONFIG_H -I. -I../..    -I../common -I/opt/csw/include -I/usr/local/ssl/include  -g -O2 -Wall -g -O2 -W -Wfloat-equal -Wundef -Wpointer-arith -Wstrict-prototypes -Wmissing-prototypes -Wwrite-strings -Wredundant-decls -Wchar-subscripts -Wcomment -Wformat=2 -Wwrite-strings -Wmissing-declarations -Wredundant-decls -Wnested-externs -Wbad-function-cast -Wswitch-enum -Werror -MT tortls.o -MD -MP -MF .deps/tortls.Tpo -c -o tortls.o tortls.c
tortls.c: In function `tor_tls_new':
tortls.c:701: error: `TLS1_TXT_ECDHE_ECDSA_WITH_AES_256_CBC_SHA' undeclared (first use in this function)
tortls.c:701: error: (Each undeclared identifier is reported only once
tortls.c:701: error: for each function it appears in.)
tortls.c:701: error: syntax error before string constant
*** Error code 1
make: Fatal error: Command failed for target `tortls.o'
Current working directory /usr/local/lib/tor-0.2.0.17-alpha/src/common
*** Error code 1
The following command caused the error:
failcom='exit 1'; \
for f in x $MAKEFLAGS; do \
  case $f in \
    *=* | --[!k]*);; \
    *k*) failcom='fail=yes';; \
  esac; \
done; \
dot_seen=no; \
target=`echo all-recursive | sed s/-recursive//`; \
list='common or tools win32 config'; for subdir in $list; do \
  echo "Making $target in $subdir"; \
  if test "$subdir" = "."; then \
    dot_seen=yes; \
    local_target="$target-am"; \
  else \
    local_target="$target"; \
  fi; \
  (cd $subdir && make  $local_target) \
 eval $failcom; \
done; \
if test "$dot_seen" = "no"; then \
  make  "$target-am" || exit 1; \
fi; test -z "$fail"
make: Fatal error: Command failed for target `all-recursive'
Current working directory /usr/local/lib/tor-0.2.0.17-alpha/src
*** Error code 1
The following command caused the error:
failcom='exit 1'; \
for f in x $MAKEFLAGS; do \
  case $f in \
    *=* | --[!k]*);; \
    *k*) failcom='fail=yes';; \
  esac; \
done; \
dot_seen=no; \
target=`echo all-recursive | sed s/-recursive//`; \
list='src doc contrib'; for subdir in $list; do \
  echo "Making $target in $subdir"; \
  if test "$subdir" = "."; then \
    dot_seen=yes; \
    local_target="$target-am"; \
  else \
    local_target="$target"; \
  fi; \
  (cd $subdir && make  $local_target) \
 eval $failcom; \
done; \
if test "$dot_seen" = "no"; then \
  make  "$target-am" || exit 1; \
fi; test -z "$fail"
make: Fatal error: Command failed for target `all-recursive'
Current working directory /usr/local/lib/tor-0.2.0.17-alpha
*** Error code 1
make: Fatal error: Command failed for target `all'
(I'm runnung Solaris 10 x86)
Any help is welcome.
Testen Sie Live.com - das Zentrum Ihrer Online-Welt, das Sie mit aktuellen Nachrichten, Sport- und Wetterinfos und vielem mehr versorgt.

@_date: 2008-01-23 17:51:34
@_author: otto otto 
@_subject: We're missing a certificate from authority lefkada with signing 
I'm also getting this messeages,  since a day now, every minute a message?
I'm also running tor-0.2.0.15-alpha.
Any idea what causes these messages?
Jan 23 18:40:05 usmine Tor[18520]: [ID 702911 daemon.notice] We're missing a certificate from authority lefkada with signing key 0000000000000000000000000000000000000000: launching request.
Jan 23 18:41:06 usmine Tor[18520]: [ID 702911 daemon.notice] We're missing a certificate from authority lefkada with signing key 0000000000000000000000000000000000000000: launching request.
Jan 23 18:42:08 usmine Tor[18520]: [ID 702911 daemon.notice] We're missing a certificate from authority lefkada with signing key 0000000000000000000000000000000000000000: launching request.
Jan 23 18:43:08 usmine Tor[18520]: [ID 702911 daemon.notice] We're missing a certificate from authority lefkada with signing key 0000000000000000000000000000000000000000: launching request.
Jan 23 18:44:09 usmine Tor[18520]: [ID 702911 daemon.notice] We're missing a certificate from authority lefkada with signing key 0000000000000000000000000000000000000000: launching request.
Jan 23 18:45:10 usmine Tor[18520]: [ID 702911 daemon.notice] We're missing a certificate from authority lefkada with signing key 0000000000000000000000000000000000000000: launching request.
Jan 23 18:46:11 usmine Tor[18520]: [ID 702911 daemon.notice] We're missing a certificate from authority lefkada with signing key 0000000000000000000000000000000000000000: launching request.
V?llige Gestaltungsfreiheit: Mit Live.com k?nnen Sie Ihre Homepage genau so gestalten, wie Sie es m?chten.

@_date: 2008-01-23 19:00:39
@_author: otto otto 
@_subject: We're missing a certificate from authority lefkada with	signing 
Thanks for the hint, I already tried to building tor-0.2.0.16-alpha and tor-0.2.0.17-alpha,
but Im getting the following compile error (it builds free of errors with tor-0.2.0.15-alpha and below). gcc -DHAVE_CONFIG_H -I. -I../..    -I../common -I/opt/csw/include -I/usr/local/ssl/include  -g -O2 -Wall -g -O2 -W -Wfloat-equal -Wundef -Wpointer-arith -Wstrict-prototypes -Wmissing-prototypes -Wwrite-strings -Wredundant-decls -Wchar-subscripts -Wcomment -Wformat=2 -Wwrite-strings -Wmissing-declarations -Wredundant-decls -Wnested-externs -Wbad-function-cast -Wswitch-enum -Werror -MT tortls.o -MD -MP -MF .deps/tortls.Tpo -c -o tortls.o tortls.c
tortls.c: In function `tor_tls_new':
tortls.c:701: error: `TLS1_TXT_ECDHE_ECDSA_WITH_AES_256_CBC_SHA' undeclared (first use in this function)
tortls.c:701: error: (Each undeclared identifier is reported only once
tortls.c:701: error: for each function it appears in.)
tortls.c:701: error: syntax error before string constant
*** Error code 1
make: Fatal error: Command failed for target `tortls.o'
Current working directory /usr/local/lib/tor-0.2.0.17-alpha/src/common
*** Error code 1
Any hint how to get this fixed?
Testen Sie Live.com - die schnelle, personalisierte Homepage, ?ber die Sie auf alle f?r Sie relevanten Inhalte zentral zugreifen k?nnen.

@_date: 2008-01-23 20:04:21
@_author: otto otto 
@_subject: We're missing a certificate from authority lefkada with	signing 
Thanks a lot!
The latest version of tortls.c fixed the issue and I could build  0.2.0.17-alpha.
Best Regards
Testen Sie Live.com - die schnelle, personalisierte Homepage, ?ber die Sie auf alle f?r Sie relevanten Inhalte zentral zugreifen k?nnen.

@_date: 2008-11-23 08:53:40
@_author: otto otto 
@_subject: tor-0.2.0.32 doesn't compile on Solaris? 
I did run tor-0.2.0.31 on Solaris but when trying to compile tor-0.2.0.32 I'm getting compile errors.
Any help is appreciated.
gcc -DHAVE_CONFIG_H -I. -I../..    -I../common -I/opt/csw/include -I/usr/local/ssl/include  -D__DARWIN_UNIX03 -DIPHONE -Wall -g -O2 -W -Wfloat-equal -Wundef -Wpointer-arith -Wstrict-prototypes -Wmissing-prototypes -Wwrite-strings -Wredundant-decls -Wchar-subscripts -Wcomment -Wformat=2 -Wwrite-strings -Wmissing-declarations -Wredundant-decls -Wnested-externs -Wbad-function-cast -Wswitch-enum -Werror -MT compat.o -MD -MP -MF .deps/compat.Tpo -c -o compat.o compat.c
compat.c: In function `log_credential_status':
compat.c:906: warning: unsigned int format, uid_t arg (arg 5)
compat.c:906: warning: unsigned int format, uid_t arg (arg 6)
compat.c:924: warning: unsigned int format, gid_t arg (arg 5)
compat.c:924: warning: unsigned int format, gid_t arg (arg 6)
*** Error code 1
make: Fatal error: Command failed for target `compat.o'
Current working directory /usr/local/lib/tor-0.2.0.32/src/common
*** Error code 1
The following command caused the error:
failcom='exit 1'; \
for f in x $MAKEFLAGS; do \
  case $f in \
    *=* | --[!k]*);; \
    *k*) failcom='fail=yes';; \
  esac; \
done; \
dot_seen=no; \
target=`echo all-recursive | sed s/-recursive//`; \
list='common or tools win32 config'; for subdir in $list; do \
  echo "Making $target in $subdir"; \
  if test "$subdir" = "."; then \
    dot_seen=yes; \
    local_target="$target-am"; \
  else \
    local_target="$target"; \
  fi; \
  (cd $subdir && make  $local_target) \
 eval $failcom; \
done; \
if test "$dot_seen" = "no"; then \
  make  "$target-am" || exit 1; \
fi; test -z "$fail"
make: Fatal error: Command failed for target `all-recursive'
Current working directory /usr/local/lib/tor-0.2.0.32/src
*** Error code 1
The following command caused the error:
failcom='exit 1'; \
for f in x $MAKEFLAGS; do \
  case $f in \
    *=* | --[!k]*);; \
    *k*) failcom='fail=yes';; \
  esac; \
done; \
dot_seen=no; \
target=`echo all-recursive | sed s/-recursive//`; \
list='src doc contrib'; for subdir in $list; do \
  echo "Making $target in $subdir"; \
  if test "$subdir" = "."; then \
    dot_seen=yes; \
    local_target="$target-am"; \
  else \
    local_target="$target"; \
  fi; \
  (cd $subdir && make  $local_target) \
 eval $failcom; \
done; \
if test "$dot_seen" = "no"; then \
  make  "$target-am" || exit 1; \
fi; test -z "$fail"
make: Fatal error: Command failed for target `all-recursive'
Current working directory /usr/local/lib/tor-0.2.0.32
*** Error code 1
make: Fatal error: Command failed for target `all'
Messenger to go! Hol' Dir Messenger aufs Handy!

@_date: 2008-11-23 12:17:58
@_author: otto otto 
@_subject: tor-0.2.0.32 doesn't compile on Solaris? 
Sorry, it was my fault, after removing "--enable-gcc-warnings" from my config command it compiled.
I did run tor-0.2.0.31 on Solaris but when trying to compile tor-0.2.0.32 I'm getting compile errors.
Any help is appreciated.
gcc -DHAVE_CONFIG_H -I. -I../..    -I../common -I/opt/csw/include -I/usr/local/ssl/include  -D__DARWIN_UNIX03 -DIPHONE -Wall -g -O2 -W -Wfloat-equal -Wundef -Wpointer-arith -Wstrict-prototypes -Wmissing-prototypes -Wwrite-strings -Wredundant-decls -Wchar-subscripts -Wcomment -Wformat=2 -Wwrite-strings -Wmissing-declarations -Wredundant-decls -Wnested-externs -Wbad-function-cast -Wswitch-enum -Werror -MT compat.o -MD -MP -MF .deps/compat.Tpo -c -o compat.o compat.c
compat.c: In function `log_credential_status':
compat.c:906: warning: unsigned int format, uid_t arg (arg 5)
compat.c:906: warning: unsigned int format, uid_t arg (arg 6)
compat.c:924: warning: unsigned int format, gid_t arg (arg 5)
compat.c:924: warning: unsigned int format, gid_t arg (arg 6)
*** Error code 1
make: Fatal error: Command failed for target `compat.o'
Current working directory /usr/local/lib/tor-0.2.0.32/src/common
*** Error code 1
The following command caused the error:
failcom='exit 1'; \
for f in x $MAKEFLAGS; do \
  case $f in \
    *=* | --[!k]*);; \
    *k*) failcom='fail=yes';; \
  esac; \
done; \
dot_seen=no; \
target=`echo all-recursive | sed s/-recursive//`; \
list='common or tools win32 config'; for subdir in $list; do \
  echo "Making $target in $subdir"; \
  if test "$subdir" = "."; then \
    dot_seen=yes; \
    local_target="$target-am"; \
  else \
    local_target="$target"; \
  fi; \
  (cd $subdir && make  $local_target) \
 eval $failcom; \
done; \
if test "$dot_seen" = "no"; then \
  make  "$target-am" || exit 1; \
fi; test -z "$fail"
make: Fatal error: Command failed for target `all-recursive'
Current working directory /usr/local/lib/tor-0.2.0.32/src
*** Error code 1
The following command caused the error:
failcom='exit 1'; \
for f in x $MAKEFLAGS; do \
  case $f in \
    *=* | --[!k]*);; \
    *k*) failcom='fail=yes';; \
  esac; \
done; \
dot_seen=no; \
target=`echo all-recursive | sed s/-recursive//`; \
list='src doc contrib'; for subdir in $list; do \
  echo "Making $target in $subdir"; \
  if test "$subdir" = "."; then \
    dot_seen=yes; \
    local_target="$target-am"; \
  else \
    local_target="$target"; \
  fi; \
  (cd $subdir && make  $local_target) \
 eval $failcom; \
done; \
if test "$dot_seen" = "no"; then \
  make  "$target-am" || exit 1; \
fi; test -z "$fail"
make: Fatal error: Command failed for target `all-recursive'
Current working directory /usr/local/lib/tor-0.2.0.32
*** Error code 1
make: Fatal error: Command failed for target `all'
Zeigen Sie es Ihren Freunden! Erstellen  Sie kostenlos Fotoalben und Diashows in Ihrem Space!
MSN Toolbar: Alle Infos sehen, ohne die Website auf der Sie gerade sind zu verlassen.

@_date: 2008-11-25 07:10:22
@_author: otto otto 
@_subject: Tor 0.2.1.6-alpha is out 
The issue still exists when trying to compile 0.2.1.7-alpha on solaris (compile tor-0.2.0.32 works without any issue).
Your right, I did configure with ./configure with --enable-iphone.
I have removed "--enable-iphone", but still the same issue.
I have opened a flyspray entry, subject: "compile error - compat.c: In function `tor_lockfile_lock'"
with a cut/paste of my configure and compile run.
MSN Video: Coole Beats und krasse Actionen! Kostenlos anschauen!

@_date: 2008-10-18 13:15:48
@_author: otto otto 
@_subject: Tor 0.2.1.6-alpha is out 
I get the following error when trying to build tor-0.2.1.6-alpha on Sun Solaris 10x86.
(I did compile and run tor-0.2.0.31 without any issue before.)
Any help is appreciated.
Best Regards
gmake gmake  all-recursive
gmake[1]: Entering directory `/usr/local/lib/tor-0.2.1.6-alpha'
Making all in src
gmake[2]: Entering directory `/usr/local/lib/tor-0.2.1.6-alpha/src'
Making all in common
gmake[3]: Entering directory `/usr/local/lib/tor-0.2.1.6-alpha/src/common'
gcc -DHAVE_CONFIG_H -I. -I../..   -I../common -I/opt/csw/include -I/usr/local/ssl/include   -D__DARWIN_UNIX03 -DIPHONE -Wall -g -O2 -MT compat.o -MD -MP -MF .deps/compat.Tpo -c -o compat.o compat.c
compat.c: In function `tor_lockfile_lock':
compat.c:509: warning: implicit declaration of function `flock'
compat.c:509: error: `LOCK_EX' undeclared (first use in this function)
compat.c:509: error: (Each undeclared identifier is reported only once
compat.c:509: error: for each function it appears in.)
compat.c:509: error: `LOCK_NB' undeclared (first use in this function)
compat.c: In function `tor_lockfile_unlock':
compat.c:538: error: `LOCK_UN' undeclared (first use in this function)
gmake[3]: *** [compat.o] Error 1
gmake[3]: Leaving directory `/usr/local/lib/tor-0.2.1.6-alpha/src/common'
gmake[2]: *** [all-recursive] Error 1
gmake[2]: Leaving directory `/usr/local/lib/tor-0.2.1.6-alpha/src'
gmake[1]: *** [all-recursive] Error 1
gmake[1]: Leaving directory `/usr/local/lib/tor-0.2.1.6-alpha'
gmake: *** [all] Error 2
usmine:/usr/local/lib/tor-0.2.1.6-alpha> Hotmail to go! Hol' Dir Hotmail aufs Handy!

@_date: 2008-10-19 08:57:32
@_author: otto otto 
@_subject: Tor 0.2.1.6-alpha is out 
<4ef5fec60810181523q78b2fc7aucd5251041cd554ce
Of course i'm willing to test this if you send me a modified src/common/compat.c
(i tried to insert your draft myself but i was not successful).
Best Regards
Messenger to go! Hol' Dir Messenger aufs Handy!

@_date: 2008-09-13 03:50:02
@_author: otto otto 
@_subject: Tor 0.2.1.5-alpha is out 
Thanks, it is working.
Best Regards
MSN Video: Coole Beats und krasse Actionen! Kostenlos anschauen!

@_date: 2008-09-11 05:52:21
@_author: otto otto 
@_subject: Tor 0.2.1.5-alpha is out 
When I try to build Tor 0.2.1.5-alpha on Solaris10 I get the following warning and can't build the binaries.:
geoip.c: In function `geoip_get_client_history':
geoip.c:446: warning: comparison between signed and unsigned
gmake[3]: *** [geoip.o] Error 1
gmake[3]: Leaving directory `/usr/local/lib/tor-0.2.1.5-alpha/src/or'
gmake[2]: *** [all-recursive] Error 1
gmake[2]: Leaving directory `/usr/local/lib/tor-0.2.1.5-alpha/src'
gmake[1]: *** [all-recursive] Error 1
gmake[1]: Leaving directory `/usr/local/lib/tor-0.2.1.5-alpha'
gmake: *** [all] Error 2
Any idea what I'm missing?
(I could build and run tor-0.2.0.31 without any issue)
Hotmail to go! Hol' Dir Hotmail aufs Handy!

@_date: 2010-10-21 04:11:05
@_author: otto otto 
@_subject: Strange "circuit build measurement period" 
I'm seeing many messages like this:
Circuit build measurement period of 902295ms is more than twice the maximum build time we have ever observed. Capping it to 295166ms.
in the log. The system time is synchronized with ptbtime1.ptb.de via xntp and the peerstats log file shows that it is very close:
55490 14475.697 192.53.103.108 94c4 -0.002067 0.01459 0.00885
Any idea what is causing the strange "Circuit build measurement period"
