
@_date: 2002-10-15 16:45:02
@_author: Anant Tamgole 
@_subject: compilation error on Intel Solaris 8 
Hi all,
I am getting following error while compiling gnupg-1.2.0 on Solaris 8 ( Intel )
Making all in tools
make[2]: Entering directory `/home/gnupg-1.2.0/tools'
gcc  -g -O2 -Wall   -o bftest  bftest.o ../cipher/libcipher.a ../mpi/libmpi.a ..
Undefined                       first referenced
 symbol                             in file
socket                              ../cipher/libcipher.a(rndegd.o)
connect                             ../cipher/libcipher.a(rndegd.o)
ld: fatal: Symbol referencing errors. No output written to bftest
collect2: ld returned 1 exit status
make[2]: *** [bftest] Error 1
make[2]: Leaving directory `/home/gnupg-1.2.0/tools'
make[1]: *** [all-recursive] Error 1
make[1]: Leaving directory `/home/gnupg-1.2.0'
make: *** [all] Error 2
How to remove this error.
Do you Yahoo!?
Faith Hill - Exclusive Performances, Videos, & more
Hi all,
I am getting following error while compiling gnupg-1.2.0 on Solaris 8 ( Intel )
Making all in toolsmake[2]: Entering directory `/home/gnupg-1.2.0/tools'gcc  -g -O2 -Wall   -o bftest  bftest.o ../cipher/libcipher.a ../mpi/libmpi.a ../util/libutil.a ../intl/libintl.a  -ldl  -lzUndefined                       first referenced symbol                             in filesocket                              ../cipher/libcipher.a(rndegd.o)connect                             ../cipher/libcipher.a(rndegd.o)ld: fatal: Symbol referencing errors. No output written to bftestcollect2: ld returned 1 exit statusmake[2]: *** [bftest] Error 1make[2]: Leaving directory `/home/gnupg-1.2.0/tools'make[1]: *** [all-recursive] Error 1make[1]: Leaving directory `/home/gnupg-1.2.0'make: *** [all] Error 2#
How to remove this error.
 Do you Yahoo!?
Faith Hill - Exclusive Performances, Videos, & more

@_date: 2002-10-16 17:31:02
@_author: Anant Tamgole 
@_subject: compilation error on Intel Solaris 8 
Thanks Renato,
It solved problem.
On Tue, 15 Oct 2002 07:46:02 -0700 (PDT)
Hi Anant!
I found this fatal errorn, and I reported it to the gpg Mailing List (Sep 24 03:08:01 2002),
see: I paste here the message:
I try to compiled just now the gpg 1.2.0 for ix86 Solaris 8.
The compilation was aborted in the "tools" directory, and
so stoping abnormaly the process...
gcc -g -O2 -Wall -o bftest bftest.o ../cipher/libcipher.a ../mpi/libmpi.a ../util/libutil.a ../intl/libintl.a -ldl -lz
Undefined first referenced
symbol in file
socket ../cipher/libcipher.a(rndegd.o)
connect ../cipher/libcipher.a(rndegd.o)
ld: fatal: Symbol referencing errors. No output written to bftest
collect2: ld returned 1 exit status
make: *** [bftest] Error 1
This fatal error in the SunOS is very ordinary, when the compilations don't find the libnets '-lsocket' and '-lnsl' (the sockets library functions).
I fix the problem to compile the bftest: the Makefile omits this flags, an I put the flags
- -lsocket and -lnsl in the "tools/Makefile" line 175. And so:
gcc -g -O2 -Wall -o bftest -lsocket -lnsl bftest.o ../cipher/libcipher.a ../mpi/libmpi.a ../util/libutil.a ../intl/libintl.a -ldl -lz (...)
No problems!
May be, the source code could be fixed...
__|_ _| _ \ __| __| \ | Renato Martini ::: Diretor Administrativo
( | __/\__ \ (_ | _ \ | \___|___|_| ____/\___|_/ _\ |

@_date: 2003-02-09 12:01:01
@_author: Anant Tamgole 
@_subject: PLEASE REMOVE ME FROM ALL LISTS 
Do you Yahoo!?
Yahoo! Mail Plus - Powerful. Affordable. Sign up now
 Do you Yahoo!?
Yahoo! Mail Plus - Powerful. Affordable. Sign up now
