
@_date: 2001-09-11 07:05:01
@_author: Boyd Lynn Gerber 
@_subject: Success on All SCO/Caldera OS's (OSR5, UW7, OU8) 
To whom it may concern:
I noticed in the documents that Some of these were not listed.  I am using
gnupg 1.0.6 on  OpenServer 5.0.5 and 5.0.6.  UnixWare 7.0.1, 7.1.0, and
7.1.1.  OpenUNIX 8.0.0
Boyd Gerber ZENEZ	3748 Valley Forge Road, Magna Utah  84044
Office 801-250-0795 FAX 801-250-7975

@_date: 2003-05-08 16:22:07
@_author: Boyd Lynn Gerber 
@_subject: make check fails on all tests on gnupg-1.2.2 for OpenServer 5.0.X, 
make check fails all tests on OpenServer, UnixWare and OpenUNIX.  1.2.1
passed all tests.  Below is the output from make check the only difference
is the directory tree location.
Making check in intl
make[1]: Entering directory `/home/build/ou8/gnupg-1.2.2/intl'
make[1]: Nothing to be done for `check'.
make[1]: Leaving directory `/home/build/ou8/gnupg-1.2.2/intl'
Making check in zlib
make[1]: Entering directory `/home/build/ou8/gnupg-1.2.2/zlib'
make[1]: Nothing to be done for `check'.
make[1]: Leaving directory `/home/build/ou8/gnupg-1.2.2/zlib'
Making check in util
make[1]: Entering directory `/home/build/ou8/gnupg-1.2.2/util'
make[1]: Nothing to be done for `check'.
make[1]: Leaving directory `/home/build/ou8/gnupg-1.2.2/util'
Making check in mpi
make[1]: Entering directory `/home/build/ou8/gnupg-1.2.2/mpi'
make[1]: Nothing to be done for `check'.
make[1]: Leaving directory `/home/build/ou8/gnupg-1.2.2/mpi'
Making check in cipher
make[1]: Entering directory `/home/build/ou8/gnupg-1.2.2/cipher'
make[1]: Nothing to be done for `check'.
make[1]: Leaving directory `/home/build/ou8/gnupg-1.2.2/cipher'
Making check in tools
make[1]: Entering directory `/home/build/ou8/gnupg-1.2.2/tools'
make[1]: Nothing to be done for `check'.
make[1]: Leaving directory `/home/build/ou8/gnupg-1.2.2/tools'
Making check in g10
make[1]: Entering directory `/home/build/ou8/gnupg-1.2.2/g10'
make[1]: Nothing to be done for `check'.
make[1]: Leaving directory `/home/build/ou8/gnupg-1.2.2/g10'
Making check in keyserver
make[1]: Entering directory `/home/build/ou8/gnupg-1.2.2/keyserver'
make[1]: Nothing to be done for `check'.
make[1]: Leaving directory `/home/build/ou8/gnupg-1.2.2/keyserver'
Making check in po
make[1]: Entering directory `/home/build/ou8/gnupg-1.2.2/po'
make[1]: Nothing to be done for `check'.
make[1]: Leaving directory `/home/build/ou8/gnupg-1.2.2/po'
Making check in doc
make[1]: Entering directory `/home/build/ou8/gnupg-1.2.2/doc'
make  check-am
make[2]: Entering directory `/home/build/ou8/gnupg-1.2.2/doc'
make[2]: Nothing to be done for `check-am'.
make[2]: Leaving directory `/home/build/ou8/gnupg-1.2.2/doc'
make[1]: Leaving directory `/home/build/ou8/gnupg-1.2.2/doc'
Making check in checks
make[1]: Entering directory `/home/build/ou8/gnupg-1.2.2/checks'
make  check-TESTS
make[2]: Entering directory `/home/build/ou8/gnupg-1.2.2/checks'
UX:test (./version.test): ERROR: ] missing
FAIL: version.test
UX:test (./mds.test): ERROR: ] missing
FAIL: mds.test
UX:test (./decrypt.test): ERROR: ] missing
FAIL: decrypt.test
UX:test: ERROR: ./decrypt-dsa.test: ] missing
FAIL: decrypt-dsa.test
UX:test (./sigs.test): ERROR: ] missing
FAIL: sigs.test
UX:test (sigs-dsa.test): ERROR: ] missing
FAIL: sigs-dsa.test
UX:test (./encrypt.test): ERROR: ] missing
FAIL: encrypt.test
UX:test: ERROR: ./encrypt-dsa.test: ] missing
FAIL: encrypt-dsa.test
UX:test (./seat.test): ERROR: ] missing
FAIL: seat.test
UX:test (clearsig.test): ERROR: ] missing
FAIL: clearsig.test
UX:test (encryptp.test): ERROR: ] missing
FAIL: encryptp.test
UX:test (./detach.test): ERROR: ] missing
FAIL: detach.test
UX:test (./armsigs.test): ERROR: ] missing
FAIL: armsigs.test
UX:test: ERROR: ./armencrypt.test: ] missing
FAIL: armencrypt.test
UX:test: ERROR: ./armencryptp.test: ] missing
FAIL: armencryptp.test
UX:test: ERROR: ./signencrypt.test: ] missing
FAIL: signencrypt.test
UX:test: ERROR: ./signencrypt-dsa.test: ] missing
FAIL: signencrypt-dsa.test
UX:test: ERROR: ./armsignencrypt.test: ] missing
FAIL: armsignencrypt.test
UX:test (armdetach.test): ERROR: ] missing
FAIL: armdetach.test
UX:test: ERROR: ./armdetachm.test: ] missing
FAIL: armdetachm.test
UX:test (./detachm.test): ERROR: ] missing
FAIL: detachm.test
UX:test: ERROR: ./genkey1024.test: ] missing
FAIL: genkey1024.test
UX:test: ERROR: ./conventional.test: ] missing
FAIL: conventional.test
UX:test: ERROR: ./conventional-mdc.test: ] missing
FAIL: conventional-mdc.test
UX:test (multisig.test): ERROR: ] missing
FAIL: multisig.test
25 of 25 tests failed
Please report to bug-gnupg
make[2]: *** [check-TESTS] Error 1
make[2]: Leaving directory `/home/build/ou8/gnupg-1.2.2/checks'
make[1]: *** [check-am] Error 2
make[1]: Leaving directory `/home/build/ou8/gnupg-1.2.2/checks'
make: *** [check-recursive] Error 1
Boyd Gerber ZENEZ	1042 Fort Union  Midvale, Utah 84047
Office 801-604-5332
