
@_date: 2002-06-12 11:12:12
@_author: mike salehi 
@_subject: compiling problems gpg 1.0.7 
and gnu make. I get some
warnings during the make, but it seems they are ok, gpg is produced and it
passes the check, but install
fails. Since I do not know where the answer will go will you respond to
Here is my errors:
make[1]: Leaving directory `/export/home/l472142/gnupg-1.0.7/intl'
Making install in zlib
make[1]: Entering directory `/export/home/l472142/gnupg-1.0.7/zlib'
make[2]: Entering directory `/export/home/l472142/gnupg-1.0.7/zlib'
make[2]: Nothing to be done for `install-exec-am'.
make[2]: Nothing to be done for `install-data-am'.
make[2]: Leaving directory `/export/home/l472142/gnupg-1.0.7/zlib'
make[1]: Leaving directory `/export/home/l472142/gnupg-1.0.7/zlib'
Making install in util
make[1]: Entering directory `/export/home/l472142/gnupg-1.0.7/util'
make[2]: Entering directory `/export/home/l472142/gnupg-1.0.7/util'
make[2]: Nothing to be done for `install-exec-am'.
make[2]: Nothing to be done for `install-data-am'.
make[2]: Leaving directory `/export/home/l472142/gnupg-1.0.7/util'
make[1]: Leaving directory `/export/home/l472142/gnupg-1.0.7/util'
Making install in mpi
make[1]: Entering directory `/export/home/l472142/gnupg-1.0.7/mpi'
make[2]: Entering directory `/export/home/l472142/gnupg-1.0.7/mpi'
make[2]: Nothing to be done for `install-exec-am'.
make[2]: Nothing to be done for `install-data-am'.
make[2]: Leaving directory `/export/home/l472142/gnupg-1.0.7/mpi'
make[1]: Leaving directory `/export/home/l472142/gnupg-1.0.7/mpi'
Making install in cipher
make[1]: Entering directory `/export/home/l472142/gnupg-1.0.7/cipher'
make[2]: Entering directory `/export/home/l472142/gnupg-1.0.7/cipher'
  /bin/install -c rndlinux /usr/local/lib/gnupg/rndlinux
cp: cannot access /usr/local/lib/gnupg/rndlinux
install: cp /usr/local/lib/gnupg/rndlinux rndlinux/rndlinux failed
  /bin/install -c rndegd /usr/local/lib/gnupg/rndegd
cp: cannot access /usr/local/lib/gnupg/rndegd
install: cp /usr/local/lib/gnupg/rndegd rndegd/rndegd failed
  /bin/install -c tiger /usr/local/lib/gnupg/tiger
cp: /usr/local/lib/gnupg/tiger: is a directory
install: cp /usr/local/lib/gnupg/tiger tiger/tiger failed
make[2]: *** [install-pkglibPROGRAMS] Error 2
make[2]: Leaving directory `/export/home/l472142/gnupg-1.0.7/cipher'
make[1]: *** [install-am] Error 2
make[1]: Leaving directory `/export/home/l472142/gnupg-1.0.7/cipher'
make: *** [install-recursive] Error 1
Mike Salehi

@_date: 2002-06-13 11:03:02
@_author: msalehi@rochester.rr.com 
@_subject: compiling problems gpg 1.0.7 
Original Message:
mail2web - Check your email from the web at
 .
