
@_date: 2010-01-20 18:00:37
@_author: Glen Rubin 
@_subject: error during build 
Hey List! I am trying to build gnupg for my puppy linux box, but when I run make I get the following errors:
status.c:25:26: error: status-codes.h: No such file or directory
status.c: In function 'get_status_string':
status.c:32: warning: implicit declaration of function 'statusstr_msgidxof'
status.c:36: error: 'statusstr_msgstr' undeclared (first use in this function)
status.c:36: error: (Each undeclared identifier is reported only once
status.c:36: error: for each function it appears in.)
status.c:36: error: 'statusstr_msgidx' undeclared (first use in this function)
make[3]: *** [libcommon_a-status.o] Error 1
make[2]: *** [all] Error 2
make[1]: *** [all-recursive] Error 1
make: *** [all] Error 2
Thx for your help!!
      Get your preferred Email name!
Now you can  and
