
@_date: 2012-03-18 21:45:33
@_author: Nima Sahraneshin 
@_subject: Installing Gnu PG on MacOS X Snow leopard 10.6.8 
Dear all,
I want to install Gnu PG on MacOS X Snow leopard 10.6.8 .After
./configure I started make and saw this errors;
ccid-driver.c:92:17: error: usb.h: No such file or directory
ccid-driver.c:237: error: expected specifier-qualifier-list before
ccid-driver.c: In function ?my_sleep?:
ccid-driver.c:328: warning: implicit declaration of function ?sleep?
ccid-driver.c: In function ?print_progress?:
ccid-driver.c:347: error: ?struct ccid_driver_s? has no member named
ccid-driver.c:350: error: ?struct ccid_driver_s? has no member named
ccid-driver.c:351: error: ?struct ccid_driver_s? has no member named
ccid-driver.c:351: error: ?struct ccid_driver_s? has no member named
ccid-driver.c:353: error: ?struct ccid_driver_s? has no member named
ccid-driver.c: In function ?prepare_special_transport?:
ccid-driver.c:721: error: ?struct ccid_driver_s? has no member named ?id_vendor?
ccid-driver.c:723: error: ?struct ccid_driver_s? has no member named
ccid-driver.c:724: error: ?struct ccid_driver_s? has no member named ?auto_ifsd?
ccid-driver.c:725: error: ?struct ccid_driver_s? has no member named ?max_ifsd?
ccid-driver.c:726: error: ?struct ccid_driver_s? has no member named ?ifsd?
ccid-driver.c:727: error: ?struct ccid_driver_s? has no member named
ccid-driver.c:728: error: ?struct ccid_driver_s? has no member named
ccid-driver.c:729: error: ?struct ccid_driver_s? has no member named
ccid-driver.c:733: error: ?struct ccid_driver_s? has no member named
ccid-driver.c: In function ?parse_ccid_descriptor?:
ccid-driver.c:755: error: ?struct ccid_driver_s? has no member named
ccid-driver.c:756: error: ?struct ccid_driver_s? has no member named ?auto_ifsd?
ccid-driver.c:757: error: ?struct ccid_driver_s? has no member named ?max_ifsd?
ccid-driver.c:758: error: ?struct ccid_driver_s? has no member named ?ifsd?
ccid-driver.c:759: error: ?struct ccid_driver_s? has no member named
ccid-driver.c:760: error: ?struct ccid_driver_s? has no member named
ccid-driver.c:761: error: ?struct ccid_driver_s? has no member named ?id_vendor?
ccid-driver.c:761: error: ?struct ccid_driver_s? has no member named
ccid-driver.c:761: error: ?struct ccid_driver_s? has no member named
ccid-driver.c:808: error: ?struct ccid_driver_s? has no member named ?max_ifsd?
ccid-driver.c:859: error: ?struct ccid_driver_s? has no member named
ccid-driver.c:864: error: ?struct ccid_driver_s? has no member named ?auto_ifsd?
ccid-driver.c:875: error: ?struct ccid_driver_s? has no member named
ccid-driver.c:880: error: ?struct ccid_driver_s? has no member named
ccid-driver.c:910: error: ?struct ccid_driver_s? has no member named
ccid-driver.c:915: error: ?struct ccid_driver_s? has no member named
ccid-driver.c:928: error: ?struct ccid_driver_s? has no member named
ccid-driver.c:953: error: ?struct ccid_driver_s? has no member named ?id_vendor?
ccid-driver.c:954: error: ?struct ccid_driver_s? has no member named ?max_ifsd?
ccid-driver.c:955: error: ?struct ccid_driver_s? has no member named
ccid-driver.c:955: error: ?struct ccid_driver_s? has no member named
ccid-driver.c:956: error: ?struct ccid_driver_s? has no member named
ccid-driver.c:956: error: ?struct ccid_driver_s? has no member named
ccid-driver.c:957: error: ?struct ccid_driver_s? has no member named
ccid-driver.c:957: error: ?struct ccid_driver_s? has no member named
ccid-driver.c:958: error: ?struct ccid_driver_s? has no member named
ccid-driver.c:958: error: ?struct ccid_driver_s? has no member named
ccid-driver.c:959: error: ?struct ccid_driver_s? has no member named
ccid-driver.c:959: error: ?struct ccid_driver_s? has no member named
ccid-driver.c:963: error: ?struct ccid_driver_s? has no member named ?max_ifsd?
ccid-driver.c: At top level:
ccid-driver.c:972: error: expected ?)? before ?*? token
ccid-driver.c:1046: error: expected ?)? before ?*? token
ccid-driver.c:1069: warning: ?struct usb_interface_descriptor?
declared inside parameter list
ccid-driver.c:1069: warning: its scope is only this definition or
declaration, which is probably not what you want
ccid-driver.c: In function ?find_endpoint?:
ccid-driver.c:1076: error: dereferencing pointer to incomplete type
ccid-driver.c:1078: error: dereferencing pointer to incomplete type
ccid-driver.c:1079: error: dereferencing pointer to incomplete type
ccid-driver.c:1079: error: ?USB_DT_ENDPOINT? undeclared (first use in
this function)
ccid-driver.c:1079: error: (Each undeclared identifier is reported only once
ccid-driver.c:1079: error: for each function it appears in.)
ccid-driver.c:1082: error: dereferencing pointer to incomplete type
ccid-driver.c:1082: error: ?USB_ENDPOINT_TYPE_MASK? undeclared (first
use in this function)
ccid-driver.c:1083: error: ?USB_ENDPOINT_TYPE_INTERRUPT? undeclared
(first use in this function)
ccid-driver.c:1084: error: dereferencing pointer to incomplete type
ccid-driver.c:1085: error: dereferencing pointer to incomplete type
ccid-driver.c:1086: error: dereferencing pointer to incomplete type
ccid-driver.c:1087: error: ?USB_ENDPOINT_TYPE_BULK? undeclared (first
use in this function)
ccid-driver.c:1088: error: dereferencing pointer to incomplete type
ccid-driver.c:1089: error: dereferencing pointer to incomplete type
ccid-driver.c: At top level:
ccid-driver.c:1106: error: expected declaration specifiers or ?...?
before ?usb_dev_handle?
ccid-driver.c:1110: warning: ?struct usb_device? declared inside parameter list
ccid-driver.c: In function ?scan_or_find_usb_device?:
ccid-driver.c:1119: error: ?usb_dev_handle? undeclared (first use in
this function)
ccid-driver.c:1119: error: ?idev? undeclared (first use in this function)
ccid-driver.c:1121: error: ?r_idev? undeclared (first use in this function)
ccid-driver.c:1123: error: dereferencing pointer to incomplete type
ccid-driver.c:1125: error: dereferencing pointer to incomplete type
ccid-driver.c:1129: error: dereferencing pointer to incomplete type
ccid-driver.c:1131: error: dereferencing pointer to incomplete type
ccid-driver.c:1135: error: dereferencing pointer to incomplete type
ccid-driver.c:1137: error: dereferencing pointer to incomplete type
ccid-driver.c:1142: error: dereferencing pointer to incomplete type
ccid-driver.c:1143: error: dereferencing pointer to incomplete type
ccid-driver.c:1144: error: dereferencing pointer to incomplete type
ccid-driver.c:1145: error: dereferencing pointer to incomplete type
ccid-driver.c:1146: error: dereferencing pointer to incomplete type
ccid-driver.c:1147: error: dereferencing pointer to incomplete type
ccid-driver.c:1148: error: dereferencing pointer to incomplete type
ccid-driver.c:1150: warning: implicit declaration of function ?usb_open?
ccid-driver.c:1158: warning: implicit declaration of function ?make_reader_id?
ccid-driver.c:1159: error: dereferencing pointer to incomplete type
ccid-driver.c:1160: error: dereferencing pointer to incomplete type
ccid-driver.c:1161: error: dereferencing pointer to incomplete type
ccid-driver.c:1161: warning: assignment makes pointer from integer
without a cast
ccid-driver.c:1202: error: dereferencing pointer to incomplete type
ccid-driver.c:1205: warning: implicit declaration of function ?usb_close?
ccid-driver.c:1209: error: dereferencing pointer to incomplete type
ccid-driver.c:1209: error: dereferencing pointer to incomplete type
ccid-driver.c:1209: error: dereferencing pointer to incomplete type
ccid-driver.c:1209: error: dereferencing pointer to incomplete type
ccid-driver.c:1211: error: dereferencing pointer to incomplete type
ccid-driver.c:1215: error: dereferencing pointer to incomplete type
ccid-driver.c:1218: warning: passing argument 1 of ?find_endpoint?
from incompatible pointer type
ccid-driver.c:1220: warning: passing argument 1 of ?find_endpoint?
from incompatible pointer type
ccid-driver.c:1222: warning: passing argument 1 of ?find_endpoint?
from incompatible pointer type
ccid-driver.c: At top level:
ccid-driver.c:1304: error: expected declaration specifiers or ?...?
before ?usb_dev_handle?
ccid-driver.c:1305: warning: ?struct usb_device? declared inside parameter list
ccid-driver.c: In function ?scan_or_find_devices?:
ccid-driver.c:1311: error: ?usb_dev_handle? undeclared (first use in
this function)
ccid-driver.c:1311: error: ?idev? undeclared (first use in this function)
ccid-driver.c:1326: error: ?r_idev? undeclared (first use in this function)
ccid-driver.c:1337: warning: implicit declaration of function ?usb_find_busses?
ccid-driver.c:1338: warning: implicit declaration of function ?usb_find_devices?
ccid-driver.c:1343: error: ?usb_busses? undeclared (first use in this function)
ccid-driver.c:1346: error: dereferencing pointer to incomplete type
ccid-driver.c:1348: error: dereferencing pointer to incomplete type
ccid-driver.c:1348: error: dereferencing pointer to incomplete type
ccid-driver.c:1359: warning: passing argument 6 of
?scan_or_find_usb_device? from incompatible pointer type
ccid-driver.c:1359: warning: passing argument 8 of
?scan_or_find_usb_device? from incompatible pointer type
ccid-driver.c:1359: warning: passing argument 10 of
?scan_or_find_usb_device? from incompatible pointer type
ccid-driver.c:1359: warning: passing argument 11 of
?scan_or_find_usb_device? from incompatible pointer type
ccid-driver.c:1359: error: too many arguments to function
ccid-driver.c:1397: warning: implicit declaration of function ?close?
ccid-driver.c: In function ?ccid_get_reader_list?:
ccid-driver.c:1484: warning: implicit declaration of function ?usb_init?
ccid-driver.c:1489: error: too many arguments to function ?scan_or_find_devices?
ccid-driver.c: In function ?ccid_open_reader?:
ccid-driver.c:1502: error: ?usb_dev_handle? undeclared (first use in
this function)
ccid-driver.c:1502: error: ?idev? undeclared (first use in this function)
ccid-driver.c:1539: warning: passing argument 4 of
?scan_or_find_devices? from incompatible pointer type
ccid-driver.c:1539: error: too many arguments to function ?scan_or_find_devices?
ccid-driver.c:1557: error: ?struct ccid_driver_s? has no member named ?rid?
ccid-driver.c:1560: error: ?struct ccid_driver_s? has no member named ?idev?
ccid-driver.c:1561: error: ?struct ccid_driver_s? has no member named ?dev_fd?
ccid-driver.c:1562: error: ?struct ccid_driver_s? has no member named
ccid-driver.c:1562: error: dereferencing pointer to incomplete type
ccid-driver.c:1563: error: ?struct ccid_driver_s? has no member named
ccid-driver.c:1563: error: dereferencing pointer to incomplete type
ccid-driver.c:1564: error: ?struct ccid_driver_s? has no member named
ccid-driver.c:1564: error: dereferencing pointer to incomplete type
ccid-driver.c:1565: error: ?struct ccid_driver_s? has no member named ?ifc_no?
ccid-driver.c:1566: error: ?struct ccid_driver_s? has no member named
ccid-driver.c:1567: error: ?struct ccid_driver_s? has no member named
ccid-driver.c:1568: error: ?struct ccid_driver_s? has no member named ?ep_intr?
ccid-driver.c:1572: error: ?struct ccid_driver_s? has no member named ?idev?
ccid-driver.c:1573: error: ?struct ccid_driver_s? has no member named ?dev_fd?
ccid-driver.c:1574: error: ?struct ccid_driver_s? has no member named
ccid-driver.c:1575: error: ?struct ccid_driver_s? has no member named
ccid-driver.c:1594: warning: implicit declaration of function
ccid-driver.c: In function ?do_close_reader?:
ccid-driver.c:1628: error: ?struct ccid_driver_s? has no member named
ccid-driver.c:1632: error: ?struct ccid_driver_s? has no member named ?seqno?
ccid-driver.c:1643: error: ?struct ccid_driver_s? has no member named
ccid-driver.c:1645: error: ?struct ccid_driver_s? has no member named ?idev?
ccid-driver.c:1647: warning: implicit declaration of function
ccid-driver.c:1647: error: ?struct ccid_driver_s? has no member named ?idev?
ccid-driver.c:1647: error: ?struct ccid_driver_s? has no member named ?ifc_no?
ccid-driver.c:1648: error: ?struct ccid_driver_s? has no member named ?idev?
ccid-driver.c:1649: error: ?struct ccid_driver_s? has no member named ?idev?
ccid-driver.c:1651: error: ?struct ccid_driver_s? has no member named ?dev_fd?
ccid-driver.c:1653: error: ?struct ccid_driver_s? has no member named ?dev_fd?
ccid-driver.c:1654: error: ?struct ccid_driver_s? has no member named ?dev_fd?
ccid-driver.c: In function ?ccid_shutdown_reader?:
ccid-driver.c:1672: error: ?usb_dev_handle? undeclared (first use in
this function)
ccid-driver.c:1672: error: ?idev? undeclared (first use in this function)
ccid-driver.c:1677: error: ?struct ccid_driver_s? has no member named ?rid?
ccid-driver.c:1682: error: ?struct ccid_driver_s? has no member named ?rid?
ccid-driver.c:1685: warning: passing argument 4 of
?scan_or_find_devices? from incompatible pointer type
ccid-driver.c:1685: error: too many arguments to function ?scan_or_find_devices?
ccid-driver.c:1687: error: ?struct ccid_driver_s? has no member named ?rid?
ccid-driver.c:1693: error: ?struct ccid_driver_s? has no member named ?idev?
ccid-driver.c:1694: error: ?struct ccid_driver_s? has no member named ?ifc_no?
ccid-driver.c:1695: error: ?struct ccid_driver_s? has no member named
ccid-driver.c:1696: error: ?struct ccid_driver_s? has no member named
ccid-driver.c:1697: error: ?struct ccid_driver_s? has no member named ?ep_intr?
ccid-driver.c:1719: error: ?struct ccid_driver_s? has no member named ?idev?
ccid-driver.c:1720: error: ?struct ccid_driver_s? has no member named ?idev?
ccid-driver.c:1721: error: ?struct ccid_driver_s? has no member named ?idev?
ccid-driver.c:1722: error: ?struct ccid_driver_s? has no member named ?dev_fd?
ccid-driver.c:1723: error: ?struct ccid_driver_s? has no member named ?dev_fd?
ccid-driver.c:1724: error: ?struct ccid_driver_s? has no member named ?dev_fd?
ccid-driver.c: In function ?ccid_set_progress_cb?:
ccid-driver.c:1737: error: ?struct ccid_driver_s? has no member named ?rid?
ccid-driver.c:1740: error: ?struct ccid_driver_s? has no member named
ccid-driver.c:1741: error: ?struct ccid_driver_s? has no member named
ccid-driver.c: In function ?ccid_close_reader?:
ccid-driver.c:1750: error: ?struct ccid_driver_s? has no member named ?idev?
ccid-driver.c:1750: error: ?struct ccid_driver_s? has no member named ?dev_fd?
ccid-driver.c:1754: error: ?struct ccid_driver_s? has no member named ?rid?
ccid-driver.c: In function ?writen?:
ccid-driver.c:1778: warning: implicit declaration of function ?write?
ccid-driver.c: In function ?bulk_out?:
ccid-driver.c:1804: error: ?struct ccid_driver_s? has no member named
ccid-driver.c:1859: error: ?struct ccid_driver_s? has no member named ?idev?
ccid-driver.c:1861: warning: implicit declaration of function ?usb_bulk_write?
ccid-driver.c:1861: error: ?struct ccid_driver_s? has no member named ?idev?
ccid-driver.c:1862: error: ?struct ccid_driver_s? has no member named
ccid-driver.c:1883: error: ?struct ccid_driver_s? has no member named
ccid-driver.c:1893: error: ?struct ccid_driver_s? has no member named ?dev_fd?
ccid-driver.c:1896: error: ?struct ccid_driver_s? has no member named ?dev_fd?
ccid-driver.c: In function ?bulk_in?:
ccid-driver.c:1924: error: ?struct ccid_driver_s? has no member named ?idev?
ccid-driver.c:1926: warning: implicit declaration of function ?usb_bulk_read?
ccid-driver.c:1926: error: ?struct ccid_driver_s? has no member named ?idev?
ccid-driver.c:1927: error: ?struct ccid_driver_s? has no member named
ccid-driver.c:1945: warning: implicit declaration of function ?read?
ccid-driver.c:1945: error: ?struct ccid_driver_s? has no member named ?dev_fd?
ccid-driver.c:1949: error: ?struct ccid_driver_s? has no member named ?dev_fd?
ccid-driver.c: In function ?abort_cmd?:
ccid-driver.c:2051: error: ?struct ccid_driver_s? has no member named ?idev?
ccid-driver.c:2062: warning: implicit declaration of function ?usb_control_msg?
ccid-driver.c:2062: error: ?struct ccid_driver_s? has no member named ?idev?
ccid-driver.c:2067: error: ?struct ccid_driver_s? has no member named ?ifc_no?
ccid-driver.c:2092: error: ?struct ccid_driver_s? has no member named ?idev?
ccid-driver.c:2093: error: ?struct ccid_driver_s? has no member named
ccid-driver.c:2107: error: ?struct ccid_driver_s? has no member named ?idev?
ccid-driver.c:2108: error: ?struct ccid_driver_s? has no member named
ccid-driver.c:2138: error: ?struct ccid_driver_s? has no member named ?seqno?
ccid-driver.c: In function ?send_escape_cmd?:
ccid-driver.c:2168: error: ?struct ccid_driver_s? has no member named ?seqno?
ccid-driver.c: In function ?ccid_poll?:
ccid-driver.c:2226: error: ?struct ccid_driver_s? has no member named ?idev?
ccid-driver.c:2228: error: ?struct ccid_driver_s? has no member named ?idev?
ccid-driver.c:2229: error: ?struct ccid_driver_s? has no member named ?ep_intr?
ccid-driver.c: In function ?ccid_slot_status?:
ccid-driver.c:2291: error: ?struct ccid_driver_s? has no member named ?seqno?
ccid-driver.c:2310: warning: implicit declaration of function ?usb_clear_halt?
ccid-driver.c:2310: error: ?struct ccid_driver_s? has no member named ?idev?
ccid-driver.c:2310: error: ?struct ccid_driver_s? has no member named
ccid-driver.c:2311: error: ?struct ccid_driver_s? has no member named ?idev?
ccid-driver.c:2311: error: ?struct ccid_driver_s? has no member named
ccid-driver.c: In function ?ccid_get_atr?:
ccid-driver.c:2356: error: ?struct ccid_driver_s? has no member named ?seqno?
ccid-driver.c:2371: error: ?struct ccid_driver_s? has no member named
ccid-driver.c:2372: error: ?struct ccid_driver_s? has no member named
ccid-driver.c:2373: error: ?struct ccid_driver_s? has no member named
ccid-driver.c:2374: error: ?struct ccid_driver_s? has no member named
ccid-driver.c:2387: error: ?struct ccid_driver_s? has no member named
ccid-driver.c:2402: error: ?struct ccid_driver_s? has no member named ?seqno?
ccid-driver.c:2420: error: ?struct ccid_driver_s? has no member named ?seqno?
ccid-driver.c:2448: error: ?struct ccid_driver_s? has no member named ?ifsc?
ccid-driver.c:2450: error: ?struct ccid_driver_s? has no member named ?ifsc?
ccid-driver.c:2452: error: ?struct ccid_driver_s? has no member named ?t1_ns?
ccid-driver.c:2453: error: ?struct ccid_driver_s? has no member named ?t1_nr?
ccid-driver.c:2456: error: ?struct ccid_driver_s? has no member named
ccid-driver.c:2456: error: ?struct ccid_driver_s? has no member named
ccid-driver.c:2460: error: ?struct ccid_driver_s? has no member named
ccid-driver.c:2463: error: ?struct ccid_driver_s? has no member named ?max_ifsd?
ccid-driver.c:2463: error: ?struct ccid_driver_s? has no member named ?max_ifsd?
ccid-driver.c:2472: error: ?struct ccid_driver_s? has no member named ?seqno?
ccid-driver.c: In function ?ccid_transceive_apdu_level?:
ccid-driver.c:2584: error: ?struct ccid_driver_s? has no member named ?seqno?
ccid-driver.c: In function ?ccid_transceive?:
ccid-driver.c:2706: error: ?struct ccid_driver_s? has no member named
ccid-driver.c:2716: error: ?struct ccid_driver_s? has no member named
ccid-driver.c:2717: error: ?struct ccid_driver_s? has no member named ?idev?
ccid-driver.c:2717: error: ?struct ccid_driver_s? has no member named
ccid-driver.c:2718: error: ?struct ccid_driver_s? has no member named
ccid-driver.c:2733: error: ?struct ccid_driver_s? has no member named
ccid-driver.c:2751: error: ?struct ccid_driver_s? has no member named ?t1_ns?
ccid-driver.c:2752: error: ?struct ccid_driver_s? has no member named ?ifsc?
ccid-driver.c:2754: error: ?struct ccid_driver_s? has no member named ?ifsc?
ccid-driver.c:2755: error: ?struct ccid_driver_s? has no member named ?ifsc?
ccid-driver.c:2756: error: ?struct ccid_driver_s? has no member named ?ifsc?
ccid-driver.c:2772: error: ?struct ccid_driver_s? has no member named ?seqno?
ccid-driver.c:2783: error: ?struct ccid_driver_s? has no member named ?seqno?
ccid-driver.c:2820: error: ?struct ccid_driver_s? has no member named ?idev?
ccid-driver.c:2820: error: ?struct ccid_driver_s? has no member named
ccid-driver.c:2839: error: ?struct ccid_driver_s? has no member named ?t1_ns?
ccid-driver.c:2843: error: ?struct ccid_driver_s? has no member named ?t1_nr?
ccid-driver.c:2848: error: ?struct ccid_driver_s? has no member named ?t1_nr?
ccid-driver.c:2859: error: ?struct ccid_driver_s? has no member named ?t1_nr?
ccid-driver.c:2886: error: ?struct ccid_driver_s? has no member named ?t1_nr?
ccid-driver.c:2929: error: ?struct ccid_driver_s? has no member named ?t1_ns?
ccid-driver.c:2939: error: ?struct ccid_driver_s? has no member named ?t1_ns?
ccid-driver.c: In function ?ccid_transceive_secure?:
ccid-driver.c:3044: error: ?struct ccid_driver_s? has no member named
ccid-driver.c:3046: error: ?struct ccid_driver_s? has no member named
ccid-driver.c:3070: error: ?struct ccid_driver_s? has no member named
ccid-driver.c:3093: error: ?struct ccid_driver_s? has no member named
ccid-driver.c:3104: error: ?struct ccid_driver_s? has no member named ?seqno?
ccid-driver.c:3111: error: ?struct ccid_driver_s? has no member named
ccid-driver.c:3140: error: ?struct ccid_driver_s? has no member named
ccid-driver.c:3141: error: ?struct ccid_driver_s? has no member named ?t1_ns?
ccid-driver.c:3167: error: ?struct ccid_driver_s? has no member named
ccid-driver.c:3187: error: ?struct ccid_driver_s? has no member named ?idev?
ccid-driver.c:3187: error: ?struct ccid_driver_s? has no member named
ccid-driver.c:3201: error: ?struct ccid_driver_s? has no member named ?t1_ns?
ccid-driver.c:3203: error: ?struct ccid_driver_s? has no member named ?t1_nr?
ccid-driver.c:3209: error: ?struct ccid_driver_s? has no member named ?t1_nr?
ccid-driver.c:3243: error: ?struct ccid_driver_s? has no member named ?t1_ns?
make[2]: *** [ccid-driver.o] Error 1
make[1]: *** [all-recursive] Error 1
make: *** [all] Error 2
